<?xml version="1.0" encoding="UTF-8"?>
<!-- Generated by org.testng.reporters.JUnitXMLReporter -->
<testsuite ignored="0" hostname="LAPTOP-F45BGB9P" failures="0" tests="3" name="Default test" time="5.01" errors="0" timestamp="2022-09-16T15:07:17 BST">
  <testcase classname="com.qa.comptests.test.ComputerTest" name="createComputerTest" time="0.767"/>
  <testcase classname="com.qa.comptests.test.ComputerTest" name="searchComputerTest" time="0.33"/>
  <testcase classname="com.qa.comptests.test.ComputerTest" name="deleteComputerTest" time="0.841"/>
</testsuite> <!-- Default test -->
