<?xml version="1.0" encoding="UTF-8"?>
<testng-results ignored="0" total="3" passed="3" failed="0" skipped="0">
  <reporter-output>
  </reporter-output>
  <suite started-at="2022-09-16T15:07:12 BST" name="Default suite" finished-at="2022-09-16T15:07:17 BST" duration-ms="5010">
    <groups>
    </groups>
    <test started-at="2022-09-16T15:07:12 BST" name="Default test" finished-at="2022-09-16T15:07:17 BST" duration-ms="5010">
      <class name="com.qa.comptests.test.ComputerTest">
        <test-method is-config="true" signature="initiateBrowser()[pri:0, instance:com.qa.comptests.test.ComputerTest@36bc55de]" started-at="2022-09-16T15:07:12 BST" name="initiateBrowser" finished-at="2022-09-16T15:07:15 BST" duration-ms="2999" status="PASS">
          <reporter-output>
          </reporter-output>
        </test-method> <!-- initiateBrowser -->
        <test-method signature="createComputerTest()[pri:1, instance:com.qa.comptests.test.ComputerTest@36bc55de]" started-at="2022-09-16T15:07:15 BST" name="createComputerTest" finished-at="2022-09-16T15:07:16 BST" duration-ms="767" status="PASS">
          <reporter-output>
          </reporter-output>
        </test-method> <!-- createComputerTest -->
        <test-method signature="searchComputerTest()[pri:2, instance:com.qa.comptests.test.ComputerTest@36bc55de]" started-at="2022-09-16T15:07:16 BST" name="searchComputerTest" finished-at="2022-09-16T15:07:16 BST" depends-on-methods="com.qa.comptests.test.ComputerTest.createComputerTest" duration-ms="330" status="PASS">
          <reporter-output>
          </reporter-output>
        </test-method> <!-- searchComputerTest -->
        <test-method signature="deleteComputerTest()[pri:3, instance:com.qa.comptests.test.ComputerTest@36bc55de]" started-at="2022-09-16T15:07:16 BST" name="deleteComputerTest" finished-at="2022-09-16T15:07:17 BST" depends-on-methods="com.qa.comptests.test.ComputerTest.searchComputerTest" duration-ms="841" status="PASS">
          <reporter-output>
          </reporter-output>
        </test-method> <!-- deleteComputerTest -->
      </class> <!-- com.qa.comptests.test.ComputerTest -->
    </test> <!-- Default test -->
  </suite> <!-- Default suite -->
</testng-results>
